Der Buildvorgang wurde am 16.10.2013 23:11:53 gestartet.
     1>Projekt "E:\PROJECTS besides Studium\GAMES\ConsolePong\Workspace\ConsolePong\ConsolePong\ConsolePong.vcxproj" auf Knoten "2", build Ziel(e).
     1>PrepareForBuild:
         Das Verzeichnis "E:\PROJECTS besides Studium\GAMES\ConsolePong\Workspace\ConsolePong\Debug\" wird erstellt.
       InitializeBuildStatus:
         "Debug\ConsolePong.unsuccessfulbuild" wird erstellt, da "AlwaysCreate" angegeben wurde.
       ClCompile:
         C:\Program Files\Microsoft Visual Studio 10.0\VC\bin\CL.exe /c /ZI /nologo /W3 /WX- /Od /Oy- /D WIN32 /D _DEBUG /D _CONSOLE /D _UNICODE /D UNICODE /Gm /EHsc /RTC1 /MDd /GS /fp:precise /Zc:wchar_t /Zc:forScope /Fo"Debug\\" /Fd"Debug\vc100.pdb" /Gd /TP /analyze- /errorReport:prompt ConsolePong.cpp stdafx.cpp
         stdafx.cpp
         ConsolePong.cpp
         Code wird generiert...
       ManifestResourceCompile:
         C:\Program Files\Microsoft SDKs\Windows\v7.0A\bin\rc.exe /nologo /fo"Debug\ConsolePong.exe.embed.manifest.res" Debug\ConsolePong_manifest.rc 
       Link:
         C:\Program Files\Microsoft Visual Studio 10.0\VC\bin\link.exe /ERRORREPORT:PROMPT /OUT:"E:\PROJECTS besides Studium\GAMES\ConsolePong\Workspace\ConsolePong\Debug\ConsolePong.exe" /INCREMENTAL /NOLOGO kernel32.lib user32.lib gdi32.lib winspool.lib comdlg32.lib advapi32.lib shell32.lib ole32.lib oleaut32.lib uuid.lib odbc32.lib odbccp32.lib /MANIFEST /ManifestFile:"Debug\ConsolePong.exe.intermediate.manifest" /MANIFESTUAC:"level='asInvoker' uiAccess='false'" /DEBUG /PDB:"E:\PROJECTS besides Studium\GAMES\ConsolePong\Workspace\ConsolePong\Debug\ConsolePong.pdb" /SUBSYSTEM:CONSOLE /TLBID:1 /DYNAMICBASE /NXCOMPAT /IMPLIB:"E:\PROJECTS besides Studium\GAMES\ConsolePong\Workspace\ConsolePong\Debug\ConsolePong.lib" /MACHINE:X86 Debug\ConsolePong.exe.embed.manifest.res
         Debug\ConsolePong.obj
         Debug\stdafx.obj
       Manifest:
         C:\Program Files\Microsoft SDKs\Windows\v7.0A\bin\mt.exe /nologo /verbose /out:"Debug\ConsolePong.exe.embed.manifest" /manifest Debug\ConsolePong.exe.intermediate.manifest
         C:\Program Files\Microsoft SDKs\Windows\v7.0A\bin\rc.exe /nologo /fo"Debug\ConsolePong.exe.embed.manifest.res" Debug\ConsolePong_manifest.rc 
       LinkEmbedManifest:
         C:\Program Files\Microsoft Visual Studio 10.0\VC\bin\link.exe /ERRORREPORT:PROMPT /OUT:"E:\PROJECTS besides Studium\GAMES\ConsolePong\Workspace\ConsolePong\Debug\ConsolePong.exe" /INCREMENTAL /NOLOGO kernel32.lib user32.lib gdi32.lib winspool.lib comdlg32.lib advapi32.lib shell32.lib ole32.lib oleaut32.lib uuid.lib odbc32.lib odbccp32.lib /MANIFEST /ManifestFile:"Debug\ConsolePong.exe.intermediate.manifest" /MANIFESTUAC:"level='asInvoker' uiAccess='false'" /DEBUG /PDB:"E:\PROJECTS besides Studium\GAMES\ConsolePong\Workspace\ConsolePong\Debug\ConsolePong.pdb" /SUBSYSTEM:CONSOLE /TLBID:1 /DYNAMICBASE /NXCOMPAT /IMPLIB:"E:\PROJECTS besides Studium\GAMES\ConsolePong\Workspace\ConsolePong\Debug\ConsolePong.lib" /MACHINE:X86 Debug\ConsolePong.exe.embed.manifest.res
         Debug\ConsolePong.obj
         Debug\stdafx.obj
         ConsolePong.vcxproj -> E:\PROJECTS besides Studium\GAMES\ConsolePong\Workspace\ConsolePong\Debug\ConsolePong.exe
       FinalizeBuildStatus:
         Die Datei "Debug\ConsolePong.unsuccessfulbuild" wird gelöscht.
         Aktualisieren des Timestamps von "Debug\ConsolePong.lastbuildstate".
     1>Die Erstellung des Projekts "E:\PROJECTS besides Studium\GAMES\ConsolePong\Workspace\ConsolePong\ConsolePong\ConsolePong.vcxproj" ist abgeschlossen, build Ziel(e).

Das Erstellen war erfolgreich.

Verstrichene Zeit 00:00:04.71
